0 info it worked if it ends with ok
1 verbose cli [ '/usr/local/Cellar/node/7.4.0/bin/node',
1 verbose cli   '/usr/local/bin/npm',
1 verbose cli   'publish' ]
2 info using npm@4.0.5
3 info using node@v7.4.0
4 verbose publish [ '.' ]
5 silly cache add args [ '.', null ]
6 verbose cache add spec .
7 silly cache add parsed spec Result {
7 silly cache add   raw: '.',
7 silly cache add   scope: null,
7 silly cache add   escapedName: null,
7 silly cache add   name: null,
7 silly cache add   rawSpec: '.',
7 silly cache add   spec: '/Users/Creater/WorkSpace/DreamProj/generator-creater',
7 silly cache add   type: 'directory' }
8 verbose addLocalDirectory /Users/Creater/.npm/generator-creater/0.0.1/package.tgz not in flight; packing
9 verbose correctMkdir /Users/Creater/.npm correctMkdir not in flight; initializing
10 warn prepublish-on-install As of npm@5, `prepublish` scripts will run only for `npm publish`.
11 warn prepublish-on-install (In npm@4 and previous versions, it also runs for `npm install`.)
12 warn prepublish-on-install See the deprecation note in `npm help scripts` for more information.
13 info lifecycle generator-creater@0.0.1~prepublish: generator-creater@0.0.1
14 verbose lifecycle generator-creater@0.0.1~prepublish: unsafe-perm in lifecycle true
15 verbose lifecycle generator-creater@0.0.1~prepublish: PATH: /usr/local/lib/node_modules/npm/bin/node-gyp-bin:/Users/Creater/WorkSpace/DreamProj/generator-creater/node_modules/.bin:/usr/local/bin:/usr/bin:/bin:/usr/sbin:/sbin
16 verbose lifecycle generator-creater@0.0.1~prepublish: CWD: /Users/Creater/WorkSpace/DreamProj/generator-creater
17 silly lifecycle generator-creater@0.0.1~prepublish: Args: [ '-c', 'gulp prepublish' ]
18 silly lifecycle generator-creater@0.0.1~prepublish: Returned: code: 0  signal: null
19 info lifecycle generator-creater@0.0.1~prepare: generator-creater@0.0.1
20 silly lifecycle generator-creater@0.0.1~prepare: no script for prepare, continuing
21 verbose tar pack [ '/Users/Creater/.npm/generator-creater/0.0.1/package.tgz',
21 verbose tar pack   '/Users/Creater/WorkSpace/DreamProj/generator-creater' ]
22 verbose tarball /Users/Creater/.npm/generator-creater/0.0.1/package.tgz
23 verbose folder /Users/Creater/WorkSpace/DreamProj/generator-creater
24 verbose addLocalTarball adding from inside cache /Users/Creater/.npm/generator-creater/0.0.1/package.tgz
25 verbose correctMkdir /Users/Creater/.npm correctMkdir not in flight; initializing
26 silly cache afterAdd generator-creater@0.0.1
27 verbose afterAdd /Users/Creater/.npm/generator-creater/0.0.1/package/package.json not in flight; writing
28 verbose correctMkdir /Users/Creater/.npm correctMkdir not in flight; initializing
29 verbose afterAdd /Users/Creater/.npm/generator-creater/0.0.1/package/package.json written
30 silly publish { name: 'generator-creater',
30 silly publish   version: '0.0.1',
30 silly publish   description: 'Jay-Y\'s generator.',
30 silly publish   homepage: 'https://github.com/Jay-Y/generator-creater',
30 silly publish   author:
30 silly publish    { name: 'Jay-Y',
30 silly publish      email: '570440569@qq.com',
30 silly publish      url: 'ttps://jay-y.github.io' },
30 silly publish   files: [ 'generators' ],
30 silly publish   main: 'generators/index.js',
30 silly publish   keywords: [ 'Jay-Y', 'creater', 'generator-creater', 'creater-generator' ],
30 silly publish   dependencies:
30 silly publish    { 'yeoman-generator': '^1.0.0',
30 silly publish      chalk: '^1.1.3',
30 silly publish      yosay: '^1.2.1' },
30 silly publish   devDependencies:
30 silly publish    { 'yeoman-test': '^1.6.0',
30 silly publish      'yeoman-assert': '^2.2.1',
30 silly publish      eslint: '^3.1.1',
30 silly publish      'eslint-config-xo-space': '^0.15.0',
30 silly publish      gulp: '^3.9.0',
30 silly publish      'gulp-eslint': '^3.0.1',
30 silly publish      'gulp-exclude-gitignore': '^1.0.0',
30 silly publish      'gulp-line-ending-corrector': '^1.0.1',
30 silly publish      'gulp-istanbul': '^1.0.0',
30 silly publish      'gulp-mocha': '^3.0.1',
30 silly publish      'gulp-plumber': '^1.0.0',
30 silly publish      'gulp-nsp': '^2.1.0',
30 silly publish      'gulp-coveralls': '^0.1.0' },
30 silly publish   eslintConfig: { extends: 'xo-space', env: { mocha: true } },
30 silly publish   repository:
30 silly publish    { type: 'git',
30 silly publish      url: 'git+https://github.com/Jay-Y/generator-creater.git' },
30 silly publish   scripts: { prepublish: 'gulp prepublish', test: 'gulp' },
30 silly publish   license: 'Apache-2.0',
30 silly publish   directories: { test: 'test' },
30 silly publish   bugs: { url: 'https://github.com/Jay-Y/generator-creater/issues' },
30 silly publish   readme: '# generator-creater [![NPM version][npm-image]][npm-url] [![Build Status][travis-image]][travis-url] [![Dependency Status][daviddm-image]][daviddm-url] [![Coverage percentage][coveralls-image]][coveralls-url]\n> Jay-Y&#39;s generator.\n\n## Installation\n\nFirst, install [Yeoman](http://yeoman.io) and generator-creater using [npm](https://www.npmjs.com/) (we assume you have pre-installed [node.js](https://nodejs.org/)).\n\n```bash\nnpm install -g yo\nnpm install -g generator-creater\n```\n\nThen generate your new project:\n\n```bash\nyo creater\n```\n\n## Getting To Know Yeoman\n\n * Yeoman has a heart of gold.\n * Yeoman is a person with feelings and opinions, but is very easy to work with.\n * Yeoman can be too opinionated at times but is easily convinced not to be.\n * Feel free to [learn more about Yeoman](http://yeoman.io/).\n\n## License\n\nApache-2.0 © [Jay-Y](ttps://jay-y.github.io)\n\n\n[npm-image]: https://badge.fury.io/js/generator-creater.svg\n[npm-url]: https://npmjs.org/package/generator-creater\n[travis-image]: https://travis-ci.org/570440569@qq.com/generator-creater.svg?branch=master\n[travis-url]: https://travis-ci.org/570440569@qq.com/generator-creater\n[daviddm-image]: https://david-dm.org/570440569@qq.com/generator-creater.svg?theme=shields.io\n[daviddm-url]: https://david-dm.org/570440569@qq.com/generator-creater\n[coveralls-image]: https://coveralls.io/repos/570440569@qq.com/generator-creater/badge.svg\n[coveralls-url]: https://coveralls.io/r/570440569@qq.com/generator-creater\n',
30 silly publish   readmeFilename: 'README.md',
30 silly publish   gitHead: 'dc5c9fbe7bc3c8d415dd6108986832b7dc66f766',
30 silly publish   _id: 'generator-creater@0.0.1',
30 silly publish   _shasum: '456d1b9807b13386cbe240ecab352f4dd417423e',
30 silly publish   _from: '.' }
31 info lifecycle generator-creater@0.0.1~prepublishOnly: generator-creater@0.0.1
32 silly lifecycle generator-creater@0.0.1~prepublishOnly: no script for prepublishOnly, continuing
33 verbose getPublishConfig undefined
34 silly mapToRegistry name generator-creater
35 silly mapToRegistry using default registry
36 silly mapToRegistry registry https://registry.npm.taobao.org/
37 silly mapToRegistry data Result {
37 silly mapToRegistry   raw: 'generator-creater',
37 silly mapToRegistry   scope: null,
37 silly mapToRegistry   escapedName: 'generator-creater',
37 silly mapToRegistry   name: 'generator-creater',
37 silly mapToRegistry   rawSpec: '',
37 silly mapToRegistry   spec: 'latest',
37 silly mapToRegistry   type: 'tag' }
38 silly mapToRegistry uri https://registry.npm.taobao.org/generator-creater
39 verbose publish registryBase https://registry.npm.taobao.org/
40 silly publish uploading /Users/Creater/.npm/generator-creater/0.0.1/package.tgz
41 verbose request uri https://registry.npm.taobao.org/generator-creater
42 verbose request sending authorization for write operation
43 info attempt registry request try #1 at 01:19:08
44 verbose request id 21f9476dbdda9d36
45 http request PUT https://registry.npm.taobao.org/generator-creater
46 http 403 https://registry.npm.taobao.org/generator-creater
47 verbose headers { date: 'Tue, 21 Feb 2017 17:19:10 GMT',
47 verbose headers   'content-type': 'application/json; charset=utf-8',
47 verbose headers   'content-length': '87',
47 verbose headers   connection: 'keep-alive',
47 verbose headers   'x-current-requests': '1',
47 verbose headers   'x-readtime': '7' }
48 verbose request invalidating /Users/Creater/.npm/registry.npm.taobao.org/generator-creater on PUT
49 error publish Failed PUT 403
50 verbose stack Error: no_perms Private mode enable, only admin can publish this module: generator-creater
50 verbose stack     at makeError (/usr/local/lib/node_modules/npm/node_modules/npm-registry-client/lib/request.js:302:12)
50 verbose stack     at CachingRegistryClient.<anonymous> (/usr/local/lib/node_modules/npm/node_modules/npm-registry-client/lib/request.js:290:14)
50 verbose stack     at Request._callback (/usr/local/lib/node_modules/npm/node_modules/npm-registry-client/lib/request.js:210:14)
50 verbose stack     at Request.self.callback (/usr/local/lib/node_modules/npm/node_modules/request/request.js:186:22)
50 verbose stack     at emitTwo (events.js:106:13)
50 verbose stack     at Request.emit (events.js:191:7)
50 verbose stack     at Request.<anonymous> (/usr/local/lib/node_modules/npm/node_modules/request/request.js:1081:10)
50 verbose stack     at emitOne (events.js:96:13)
50 verbose stack     at Request.emit (events.js:188:7)
50 verbose stack     at IncomingMessage.<anonymous> (/usr/local/lib/node_modules/npm/node_modules/request/request.js:1001:12)
51 verbose statusCode 403
52 verbose pkgid generator-creater
53 verbose cwd /Users/Creater/WorkSpace/DreamProj/generator-creater
54 error Darwin 16.4.0
55 error argv "/usr/local/Cellar/node/7.4.0/bin/node" "/usr/local/bin/npm" "publish"
56 error node v7.4.0
57 error npm  v4.0.5
58 error code E403
59 error no_perms Private mode enable, only admin can publish this module: generator-creater
60 error If you need help, you may report this error at:
60 error     <https://github.com/npm/npm/issues>
61 verbose exit [ 1, true ]
